<?xml version="1.0" encoding="UTF-8"?>
<!-- Generated by org.testng.reporters.JUnitXMLReporter -->
<testsuite ignored="0" hostname="Rapidos-MacBook-Pro.local" failures="0" tests="15" name="Command line test" time="0.023" errors="0" timestamp="2022-08-07T22:43:22 IST">
  <testcase classname="rapido.bike.paathshala.ParkingSystem.AttendantTest" name="shouldAllowParkingInFirstLotIfAllLotsAreVacant" time="0.003"/>
  <testcase classname="rapido.bike.paathshala.ParkingSystem.AttendantTest" name="shouldAllowParkingInSecondSlotIfOnlyFirstIsFilled" time="0.0"/>
  <testcase classname="rapido.bike.paathshala.ParkingSystem.AttendantTest" name="shouldAllowToUnParkIfVehicleIsPresentInAnyParkingLot" time="0.0"/>
  <testcase classname="rapido.bike.paathshala.ParkingSystem.AttendantTest" name="shouldNotAllowParkingIfAllSlotsAreFilled" time="0.0"/>
  <testcase classname="rapido.bike.paathshala.ParkingSystem.AttendantTest" name="shouldNotAllowToUnParkIfVehicleIsPresentInAnyParkingLot" time="0.001"/>
  <testcase classname="rapido.bike.paathshala.ParkingSystem.AttendantTest" name="shouldParkCarInThirdLotIfOneCarEachIsParkedInFirstTwoLots" time="0.0"/>
  <testcase classname="rapido.bike.paathshala.ParkingSystem.AttendantTest" name="shouldParkInSecondLotWhenFirstAndThirdLotHaveOneCarEach" time="0.0"/>
  <testcase classname="rapido.bike.paathshala.ParkingSystem.AttendantTest" name="shouldParkInThirdLotIfThreeCarsParkedInEachLotAndCarUnparkedFromThirdLot" time="0.0"/>
  <testcase classname="rapido.bike.paathshala.ParkingSystem.ParkingLotTest" name="shouldAllowParkingWhenParkingNotFull" time="0.0"/>
  <testcase classname="rapido.bike.paathshala.ParkingSystem.ParkingLotTest" name="shouldAllowUnparkIfCarIsParked" time="0.0"/>
  <testcase classname="rapido.bike.paathshala.ParkingSystem.ParkingLotTest" name="shouldNotAllowParkingWhenSlotIsFull" time="0.0"/>
  <testcase classname="rapido.bike.paathshala.ParkingSystem.ParkingLotTest" name="shouldNotAllowUnparkIfCarIsNotAlreadyParked" time="0.0"/>
  <testcase classname="rapido.bike.paathshala.ParkingSystem.ParkingLotTest" name="shouldNotifyOwnerWhenParkingAvailableAgain" time="0.0"/>
  <testcase classname="rapido.bike.paathshala.ParkingSystem.ParkingLotTest" name="shouldNotifyParkingOwnerWhenSlotIsFull" time="0.0"/>
  <testcase classname="rapido.bike.paathshala.ParkingSystem.ParkingLotTest" name="shouldNotifySecurityPersonWhenSlotIsFull" time="0.0"/>
</testsuite> <!-- Command line test -->
