<?xml version="1.0" encoding="UTF-8"?>
<testng-results ignored="0" total="15" passed="15" failed="0" skipped="0">
  <reporter-output>
  </reporter-output>
  <suite started-at="2022-08-07T22:43:22 IST" name="Command line suite" finished-at="2022-08-07T22:43:22 IST" duration-ms="23">
    <groups>
    </groups>
    <test started-at="2022-08-07T22:43:22 IST" name="Command line test" finished-at="2022-08-07T22:43:22 IST" duration-ms="23">
      <class name="rapido.bike.paathshala.ParkingSystem.ParkingLotTest">
        <test-method signature="shouldAllowParkingWhenParkingNotFull()[pri:0, instance:rapido.bike.paathshala.ParkingSystem.ParkingLotTest@64485a47]" started-at="2022-08-07T22:43:22 IST" name="shouldAllowParkingWhenParkingNotFull" finished-at="2022-08-07T22:43:22 IST" duration-ms="0" status="PASS">
          <reporter-output>
          </reporter-output>
        </test-method> <!-- shouldAllowParkingWhenParkingNotFull -->
        <test-method signature="shouldAllowUnparkIfCarIsParked()[pri:0, instance:rapido.bike.paathshala.ParkingSystem.ParkingLotTest@64485a47]" started-at="2022-08-07T22:43:22 IST" name="shouldAllowUnparkIfCarIsParked" finished-at="2022-08-07T22:43:22 IST" duration-ms="0" status="PASS">
          <reporter-output>
          </reporter-output>
        </test-method> <!-- shouldAllowUnparkIfCarIsParked -->
        <test-method signature="shouldNotifyOwnerWhenParkingAvailableAgain()[pri:0, instance:rapido.bike.paathshala.ParkingSystem.ParkingLotTest@64485a47]" started-at="2022-08-07T22:43:22 IST" name="shouldNotifyOwnerWhenParkingAvailableAgain" finished-at="2022-08-07T22:43:22 IST" duration-ms="0" status="PASS">
          <reporter-output>
          </reporter-output>
        </test-method> <!-- shouldNotifyOwnerWhenParkingAvailableAgain -->
        <test-method signature="shouldNotAllowUnparkIfCarIsNotAlreadyParked()[pri:0, instance:rapido.bike.paathshala.ParkingSystem.ParkingLotTest@64485a47]" started-at="2022-08-07T22:43:22 IST" name="shouldNotAllowUnparkIfCarIsNotAlreadyParked" finished-at="2022-08-07T22:43:22 IST" duration-ms="0" status="PASS">
          <reporter-output>
          </reporter-output>
        </test-method> <!-- shouldNotAllowUnparkIfCarIsNotAlreadyParked -->
        <test-method signature="shouldNotAllowParkingWhenSlotIsFull()[pri:0, instance:rapido.bike.paathshala.ParkingSystem.ParkingLotTest@64485a47]" started-at="2022-08-07T22:43:22 IST" name="shouldNotAllowParkingWhenSlotIsFull" finished-at="2022-08-07T22:43:22 IST" duration-ms="0" status="PASS">
          <reporter-output>
          </reporter-output>
        </test-method> <!-- shouldNotAllowParkingWhenSlotIsFull -->
        <test-method signature="shouldNotifyParkingOwnerWhenSlotIsFull()[pri:0, instance:rapido.bike.paathshala.ParkingSystem.ParkingLotTest@64485a47]" started-at="2022-08-07T22:43:22 IST" name="shouldNotifyParkingOwnerWhenSlotIsFull" finished-at="2022-08-07T22:43:22 IST" duration-ms="0" status="PASS">
          <reporter-output>
          </reporter-output>
        </test-method> <!-- shouldNotifyParkingOwnerWhenSlotIsFull -->
        <test-method signature="shouldNotifySecurityPersonWhenSlotIsFull()[pri:0, instance:rapido.bike.paathshala.ParkingSystem.ParkingLotTest@64485a47]" started-at="2022-08-07T22:43:22 IST" name="shouldNotifySecurityPersonWhenSlotIsFull" finished-at="2022-08-07T22:43:22 IST" duration-ms="0" status="PASS">
          <reporter-output>
          </reporter-output>
        </test-method> <!-- shouldNotifySecurityPersonWhenSlotIsFull -->
      </class> <!-- rapido.bike.paathshala.ParkingSystem.ParkingLotTest -->
      <class name="rapido.bike.paathshala.ParkingSystem.AttendantTest">
        <test-method signature="shouldAllowParkingInFirstLotIfAllLotsAreVacant()[pri:0, instance:rapido.bike.paathshala.ParkingSystem.AttendantTest@a74868d]" started-at="2022-08-07T22:43:22 IST" name="shouldAllowParkingInFirstLotIfAllLotsAreVacant" finished-at="2022-08-07T22:43:22 IST" duration-ms="3" status="PASS">
          <reporter-output>
          </reporter-output>
        </test-method> <!-- shouldAllowParkingInFirstLotIfAllLotsAreVacant -->
        <test-method signature="shouldAllowParkingInSecondSlotIfOnlyFirstIsFilled()[pri:0, instance:rapido.bike.paathshala.ParkingSystem.AttendantTest@a74868d]" started-at="2022-08-07T22:43:22 IST" name="shouldAllowParkingInSecondSlotIfOnlyFirstIsFilled" finished-at="2022-08-07T22:43:22 IST" duration-ms="0" status="PASS">
          <reporter-output>
          </reporter-output>
        </test-method> <!-- shouldAllowParkingInSecondSlotIfOnlyFirstIsFilled -->
        <test-method signature="shouldNotAllowParkingIfAllSlotsAreFilled()[pri:0, instance:rapido.bike.paathshala.ParkingSystem.AttendantTest@a74868d]" started-at="2022-08-07T22:43:22 IST" name="shouldNotAllowParkingIfAllSlotsAreFilled" finished-at="2022-08-07T22:43:22 IST" duration-ms="0" status="PASS">
          <reporter-output>
          </reporter-output>
        </test-method> <!-- shouldNotAllowParkingIfAllSlotsAreFilled -->
        <test-method signature="shouldAllowToUnParkIfVehicleIsPresentInAnyParkingLot()[pri:0, instance:rapido.bike.paathshala.ParkingSystem.AttendantTest@a74868d]" started-at="2022-08-07T22:43:22 IST" name="shouldAllowToUnParkIfVehicleIsPresentInAnyParkingLot" finished-at="2022-08-07T22:43:22 IST" duration-ms="0" status="PASS">
          <reporter-output>
          </reporter-output>
        </test-method> <!-- shouldAllowToUnParkIfVehicleIsPresentInAnyParkingLot -->
        <test-method signature="shouldNotAllowToUnParkIfVehicleIsPresentInAnyParkingLot()[pri:0, instance:rapido.bike.paathshala.ParkingSystem.AttendantTest@a74868d]" started-at="2022-08-07T22:43:22 IST" name="shouldNotAllowToUnParkIfVehicleIsPresentInAnyParkingLot" finished-at="2022-08-07T22:43:22 IST" duration-ms="1" status="PASS">
          <reporter-output>
          </reporter-output>
        </test-method> <!-- shouldNotAllowToUnParkIfVehicleIsPresentInAnyParkingLot -->
        <test-method signature="shouldParkCarInThirdLotIfOneCarEachIsParkedInFirstTwoLots()[pri:0, instance:rapido.bike.paathshala.ParkingSystem.AttendantTest@a74868d]" started-at="2022-08-07T22:43:22 IST" name="shouldParkCarInThirdLotIfOneCarEachIsParkedInFirstTwoLots" finished-at="2022-08-07T22:43:22 IST" duration-ms="0" status="PASS">
          <reporter-output>
          </reporter-output>
        </test-method> <!-- shouldParkCarInThirdLotIfOneCarEachIsParkedInFirstTwoLots -->
        <test-method signature="shouldParkInSecondLotWhenFirstAndThirdLotHaveOneCarEach()[pri:0, instance:rapido.bike.paathshala.ParkingSystem.AttendantTest@a74868d]" started-at="2022-08-07T22:43:22 IST" name="shouldParkInSecondLotWhenFirstAndThirdLotHaveOneCarEach" finished-at="2022-08-07T22:43:22 IST" duration-ms="0" status="PASS">
          <reporter-output>
          </reporter-output>
        </test-method> <!-- shouldParkInSecondLotWhenFirstAndThirdLotHaveOneCarEach -->
        <test-method signature="shouldParkInThirdLotIfThreeCarsParkedInEachLotAndCarUnparkedFromThirdLot()[pri:0, instance:rapido.bike.paathshala.ParkingSystem.AttendantTest@a74868d]" started-at="2022-08-07T22:43:22 IST" name="shouldParkInThirdLotIfThreeCarsParkedInEachLotAndCarUnparkedFromThirdLot" finished-at="2022-08-07T22:43:22 IST" duration-ms="0" status="PASS">
          <reporter-output>
          </reporter-output>
        </test-method> <!-- shouldParkInThirdLotIfThreeCarsParkedInEachLotAndCarUnparkedFromThirdLot -->
      </class> <!-- rapido.bike.paathshala.ParkingSystem.AttendantTest -->
    </test> <!-- Command line test -->
  </suite> <!-- Command line suite -->
</testng-results>
